[17-03-2019 04:19:16] BlockCypher\Core\BlockCypherHttpConnection: INFO	: GET https://api.blockcypher.com/v1/btc/test3/addrs/mqh49RvTAiJ61SorTZVtANfRA4B4viRH8B/balance?token=
[17-03-2019 04:19:17] BlockCypher\Core\BlockCypherHttpConnection: DEBUG	: Request Headers 	: GET /v1/btc/test3/addrs/mqh49RvTAiJ61SorTZVtANfRA4B4viRH8B/balance?token= HTTP/1.1, Host: api.blockcypher.com, Accept: */*, Content-Type: application/json, User-Agent: BlockCypherSDK/BlockCypher-PHP-SDK 1.5.0 (lang=PHP;v=7.2.16-1+ubuntu18.04.1+deb.sury.org+1;bit=64;os=Linux_4.15.0-1034-aws;machine=x86_64;openssl=1.1.1b;curl=7.58.0), , 
[17-03-2019 04:19:17] BlockCypher\Core\BlockCypherHttpConnection: DEBUG	: No Request Payload
--------------------------------------------------------------------------------------------------------------------------------

[17-03-2019 04:19:17] BlockCypher\Core\BlockCypherHttpConnection: INFO	: Response Status 	: 200
[17-03-2019 04:19:17] BlockCypher\Core\BlockCypherHttpConnection: DEBUG	: Response Headers	: HTTP/1.1 200 OK, Server: nginx/1.10.3 (Ubuntu), Date: Sun, 17 Mar 2019 16:19:17 GMT, Content-Type: application/json, Content-Length: 218, Connection: keep-alive, Access-Control-Allow-Headers: Origin, X-Requested-With, Content-Type, Accept, Access-Control-Allow-Methods: GET, POST, PUT, DELETE, Access-Control-Allow-Origin: *, X-Ratelimit-Remaining: 99, , 
[17-03-2019 04:19:17] BlockCypher\Core\BlockCypherHttpConnection: DEBUG	: Response Data 	: {
  "address": "mqh49RvTAiJ61SorTZVtANfRA4B4viRH8B",
  "total_received": 0,
  "total_sent": 0,
  "balance": 0,
  "unconfirmed_balance": 0,
  "final_balance": 0,
  "n_tx": 0,
  "unconfirmed_n_tx": 0,
  "final_n_tx": 0
}

================================================================================================================================

[17-03-2019 04:19:52] BlockCypher\Core\BlockCypherHttpConnection: INFO	: GET https://api.blockcypher.com/v1/btc/test3/addrs/mqh49RvTAiJ61SorTZVtANfRA4B4viRH8B/balance?token=
[17-03-2019 04:19:52] BlockCypher\Core\BlockCypherHttpConnection: DEBUG	: Request Headers 	: GET /v1/btc/test3/addrs/mqh49RvTAiJ61SorTZVtANfRA4B4viRH8B/balance?token= HTTP/1.1, Host: api.blockcypher.com, Accept: */*, Content-Type: application/json, User-Agent: BlockCypherSDK/BlockCypher-PHP-SDK 1.5.0 (lang=PHP;v=7.2.16-1+ubuntu18.04.1+deb.sury.org+1;bit=64;os=Linux_4.15.0-1034-aws;machine=x86_64;openssl=1.1.1b;curl=7.58.0), , 
[17-03-2019 04:19:52] BlockCypher\Core\BlockCypherHttpConnection: DEBUG	: No Request Payload
--------------------------------------------------------------------------------------------------------------------------------

[17-03-2019 04:19:52] BlockCypher\Core\BlockCypherHttpConnection: INFO	: Response Status 	: 200
[17-03-2019 04:19:52] BlockCypher\Core\BlockCypherHttpConnection: DEBUG	: Response Headers	: HTTP/1.1 200 OK, Server: nginx/1.10.3 (Ubuntu), Date: Sun, 17 Mar 2019 16:19:52 GMT, Content-Type: application/json, Content-Length: 218, Connection: keep-alive, Access-Control-Allow-Headers: Origin, X-Requested-With, Content-Type, Accept, Access-Control-Allow-Methods: GET, POST, PUT, DELETE, Access-Control-Allow-Origin: *, X-Ratelimit-Remaining: 99, , 
[17-03-2019 04:19:52] BlockCypher\Core\BlockCypherHttpConnection: DEBUG	: Response Data 	: {
  "address": "mqh49RvTAiJ61SorTZVtANfRA4B4viRH8B",
  "total_received": 0,
  "total_sent": 0,
  "balance": 0,
  "unconfirmed_balance": 0,
  "final_balance": 0,
  "n_tx": 0,
  "unconfirmed_n_tx": 0,
  "final_n_tx": 0
}

================================================================================================================================

[17-03-2019 04:26:53] BlockCypher\Core\BlockCypherHttpConnection: INFO	: GET https://api.blockcypher.com/v1/btc/test3/addrs/mqh49RvTAiJ61SorTZVtANfRA4B4viRH8B/balance?token=
[17-03-2019 04:26:53] BlockCypher\Core\BlockCypherHttpConnection: DEBUG	: Request Headers 	: GET /v1/btc/test3/addrs/mqh49RvTAiJ61SorTZVtANfRA4B4viRH8B/balance?token= HTTP/1.1, Host: api.blockcypher.com, Accept: */*, Content-Type: application/json, User-Agent: BlockCypherSDK/BlockCypher-PHP-SDK 1.5.0 (lang=PHP;v=7.2.16-1+ubuntu18.04.1+deb.sury.org+1;bit=64;os=Linux_4.15.0-1034-aws;machine=x86_64;openssl=1.1.1b;curl=7.58.0), , 
[17-03-2019 04:26:53] BlockCypher\Core\BlockCypherHttpConnection: DEBUG	: No Request Payload
--------------------------------------------------------------------------------------------------------------------------------

[17-03-2019 04:26:53] BlockCypher\Core\BlockCypherHttpConnection: INFO	: Response Status 	: 200
[17-03-2019 04:26:53] BlockCypher\Core\BlockCypherHttpConnection: DEBUG	: Response Headers	: HTTP/1.1 200 OK, Server: nginx/1.10.3 (Ubuntu), Date: Sun, 17 Mar 2019 16:26:53 GMT, Content-Type: application/json, Content-Length: 218, Connection: keep-alive, Access-Control-Allow-Headers: Origin, X-Requested-With, Content-Type, Accept, Access-Control-Allow-Methods: GET, POST, PUT, DELETE, Access-Control-Allow-Origin: *, X-Ratelimit-Remaining: 97, , 
[17-03-2019 04:26:53] BlockCypher\Core\BlockCypherHttpConnection: DEBUG	: Response Data 	: {
  "address": "mqh49RvTAiJ61SorTZVtANfRA4B4viRH8B",
  "total_received": 0,
  "total_sent": 0,
  "balance": 0,
  "unconfirmed_balance": 0,
  "final_balance": 0,
  "n_tx": 0,
  "unconfirmed_n_tx": 0,
  "final_n_tx": 0
}

================================================================================================================================

[17-03-2019 04:32:59] BlockCypher\Core\BlockCypherHttpConnection: INFO	: GET https://api.blockcypher.com/v1/btc/test3/addrs/mqh49RvTAiJ61SorTZVtANfRA4B4viRH8B/balance?token=
[17-03-2019 04:33:05] BlockCypher\Core\BlockCypherHttpConnection: DEBUG	: Request Headers 	: GET /v1/btc/test3/addrs/mqh49RvTAiJ61SorTZVtANfRA4B4viRH8B/balance?token= HTTP/1.1, Host: api.blockcypher.com, Accept: */*, Content-Type: application/json, User-Agent: BlockCypherSDK/BlockCypher-PHP-SDK 1.5.0 (lang=PHP;v=7.2.16-1+ubuntu18.04.1+deb.sury.org+1;bit=64;os=Linux_4.15.0-1034-aws;machine=x86_64;openssl=1.1.1b;curl=7.58.0), , 
[17-03-2019 04:33:05] BlockCypher\Core\BlockCypherHttpConnection: DEBUG	: No Request Payload
--------------------------------------------------------------------------------------------------------------------------------

[17-03-2019 04:33:05] BlockCypher\Core\BlockCypherHttpConnection: INFO	: Response Status 	: 200
[17-03-2019 04:33:05] BlockCypher\Core\BlockCypherHttpConnection: DEBUG	: Response Headers	: HTTP/1.1 200 OK, Server: nginx/1.10.3 (Ubuntu), Date: Sun, 17 Mar 2019 16:33:05 GMT, Content-Type: application/json, Content-Length: 232, Connection: keep-alive, Access-Control-Allow-Headers: Origin, X-Requested-With, Content-Type, Accept, Access-Control-Allow-Methods: GET, POST, PUT, DELETE, Access-Control-Allow-Origin: *, X-Ratelimit-Remaining: 98, , 
[17-03-2019 04:33:05] BlockCypher\Core\BlockCypherHttpConnection: DEBUG	: Response Data 	: {
  "address": "mqh49RvTAiJ61SorTZVtANfRA4B4viRH8B",
  "total_received": 0,
  "total_sent": 0,
  "balance": 0,
  "unconfirmed_balance": 12935642,
  "final_balance": 12935642,
  "n_tx": 0,
  "unconfirmed_n_tx": 1,
  "final_n_tx": 1
}

================================================================================================================================

[17-03-2019 04:35:01] BlockCypher\Core\BlockCypherHttpConnection: INFO	: GET https://api.blockcypher.com/v1/btc/test3/addrs/mqh49RvTAiJ61SorTZVtANfRA4B4viRH8B/balance?token=
[17-03-2019 04:35:01] BlockCypher\Core\BlockCypherHttpConnection: DEBUG	: Request Headers 	: GET /v1/btc/test3/addrs/mqh49RvTAiJ61SorTZVtANfRA4B4viRH8B/balance?token= HTTP/1.1, Host: api.blockcypher.com, Accept: */*, Content-Type: application/json, User-Agent: BlockCypherSDK/BlockCypher-PHP-SDK 1.5.0 (lang=PHP;v=7.2.16-1+ubuntu18.04.1+deb.sury.org+1;bit=64;os=Linux_4.15.0-1034-aws;machine=x86_64;openssl=1.1.1b;curl=7.58.0), , 
[17-03-2019 04:35:01] BlockCypher\Core\BlockCypherHttpConnection: DEBUG	: No Request Payload
--------------------------------------------------------------------------------------------------------------------------------

[17-03-2019 04:35:01] BlockCypher\Core\BlockCypherHttpConnection: INFO	: Response Status 	: 200
[17-03-2019 04:35:01] BlockCypher\Core\BlockCypherHttpConnection: DEBUG	: Response Headers	: HTTP/1.1 200 OK, Server: nginx/1.10.3 (Ubuntu), Date: Sun, 17 Mar 2019 16:35:01 GMT, Content-Type: application/json, Content-Length: 232, Connection: keep-alive, Access-Control-Allow-Headers: Origin, X-Requested-With, Content-Type, Accept, Access-Control-Allow-Methods: GET, POST, PUT, DELETE, Access-Control-Allow-Origin: *, X-Ratelimit-Remaining: 95, , 
[17-03-2019 04:35:01] BlockCypher\Core\BlockCypherHttpConnection: DEBUG	: Response Data 	: {
  "address": "mqh49RvTAiJ61SorTZVtANfRA4B4viRH8B",
  "total_received": 0,
  "total_sent": 0,
  "balance": 0,
  "unconfirmed_balance": 12935642,
  "final_balance": 12935642,
  "n_tx": 0,
  "unconfirmed_n_tx": 1,
  "final_n_tx": 1
}

================================================================================================================================

[17-03-2019 04:35:11] BlockCypher\Core\BlockCypherHttpConnection: INFO	: GET https://api.blockcypher.com/v1/btc/test3/addrs/mqh49RvTAiJ61SorTZVtANfRA4B4viRH8B/balance?token=
[17-03-2019 04:35:11] BlockCypher\Core\BlockCypherHttpConnection: DEBUG	: Request Headers 	: GET /v1/btc/test3/addrs/mqh49RvTAiJ61SorTZVtANfRA4B4viRH8B/balance?token= HTTP/1.1, Host: api.blockcypher.com, Accept: */*, Content-Type: application/json, User-Agent: BlockCypherSDK/BlockCypher-PHP-SDK 1.5.0 (lang=PHP;v=7.2.16-1+ubuntu18.04.1+deb.sury.org+1;bit=64;os=Linux_4.15.0-1034-aws;machine=x86_64;openssl=1.1.1b;curl=7.58.0), , 
[17-03-2019 04:35:11] BlockCypher\Core\BlockCypherHttpConnection: DEBUG	: No Request Payload
--------------------------------------------------------------------------------------------------------------------------------

[17-03-2019 04:35:11] BlockCypher\Core\BlockCypherHttpConnection: INFO	: Response Status 	: 200
[17-03-2019 04:35:11] BlockCypher\Core\BlockCypherHttpConnection: DEBUG	: Response Headers	: HTTP/1.1 200 OK, Server: nginx/1.10.3 (Ubuntu), Date: Sun, 17 Mar 2019 16:35:11 GMT, Content-Type: application/json, Content-Length: 232, Connection: keep-alive, Access-Control-Allow-Headers: Origin, X-Requested-With, Content-Type, Accept, Access-Control-Allow-Methods: GET, POST, PUT, DELETE, Access-Control-Allow-Origin: *, X-Ratelimit-Remaining: 95, , 
[17-03-2019 04:35:11] BlockCypher\Core\BlockCypherHttpConnection: DEBUG	: Response Data 	: {
  "address": "mqh49RvTAiJ61SorTZVtANfRA4B4viRH8B",
  "total_received": 0,
  "total_sent": 0,
  "balance": 0,
  "unconfirmed_balance": 12935642,
  "final_balance": 12935642,
  "n_tx": 0,
  "unconfirmed_n_tx": 1,
  "final_n_tx": 1
}

================================================================================================================================

[17-03-2019 04:41:12] BlockCypher\Core\BlockCypherHttpConnection: INFO	: GET https://api.blockcypher.com/v1/btc/test3/addrs/mqh49RvTAiJ61SorTZVtANfRA4B4viRH8B/balance?token=
[17-03-2019 04:41:12] BlockCypher\Core\BlockCypherHttpConnection: DEBUG	: Request Headers 	: GET /v1/btc/test3/addrs/mqh49RvTAiJ61SorTZVtANfRA4B4viRH8B/balance?token= HTTP/1.1, Host: api.blockcypher.com, Accept: */*, Content-Type: application/json, User-Agent: BlockCypherSDK/BlockCypher-PHP-SDK 1.5.0 (lang=PHP;v=7.2.16-1+ubuntu18.04.1+deb.sury.org+1;bit=64;os=Linux_4.15.0-1034-aws;machine=x86_64;openssl=1.1.1b;curl=7.58.0), , 
[17-03-2019 04:41:12] BlockCypher\Core\BlockCypherHttpConnection: DEBUG	: No Request Payload
--------------------------------------------------------------------------------------------------------------------------------

[17-03-2019 04:41:12] BlockCypher\Core\BlockCypherHttpConnection: INFO	: Response Status 	: 200
[17-03-2019 04:41:12] BlockCypher\Core\BlockCypherHttpConnection: DEBUG	: Response Headers	: HTTP/1.1 200 OK, Server: nginx/1.10.3 (Ubuntu), Date: Sun, 17 Mar 2019 16:41:12 GMT, Content-Type: application/json, Content-Length: 232, Connection: keep-alive, Access-Control-Allow-Headers: Origin, X-Requested-With, Content-Type, Accept, Access-Control-Allow-Methods: GET, POST, PUT, DELETE, Access-Control-Allow-Origin: *, X-Ratelimit-Remaining: 93, , 
[17-03-2019 04:41:12] BlockCypher\Core\BlockCypherHttpConnection: DEBUG	: Response Data 	: {
  "address": "mqh49RvTAiJ61SorTZVtANfRA4B4viRH8B",
  "total_received": 0,
  "total_sent": 0,
  "balance": 0,
  "unconfirmed_balance": 12935642,
  "final_balance": 12935642,
  "n_tx": 0,
  "unconfirmed_n_tx": 1,
  "final_n_tx": 1
}

================================================================================================================================

[17-03-2019 04:41:16] BlockCypher\Core\BlockCypherHttpConnection: INFO	: GET https://api.blockcypher.com/v1/btc/test3/addrs/mqh49RvTAiJ61SorTZVtANfRA4B4viRH8B/balance?token=
[17-03-2019 04:41:16] BlockCypher\Core\BlockCypherHttpConnection: DEBUG	: Request Headers 	: GET /v1/btc/test3/addrs/mqh49RvTAiJ61SorTZVtANfRA4B4viRH8B/balance?token= HTTP/1.1, Host: api.blockcypher.com, Accept: */*, Content-Type: application/json, User-Agent: BlockCypherSDK/BlockCypher-PHP-SDK 1.5.0 (lang=PHP;v=7.2.16-1+ubuntu18.04.1+deb.sury.org+1;bit=64;os=Linux_4.15.0-1034-aws;machine=x86_64;openssl=1.1.1b;curl=7.58.0), , 
[17-03-2019 04:41:16] BlockCypher\Core\BlockCypherHttpConnection: DEBUG	: No Request Payload
--------------------------------------------------------------------------------------------------------------------------------

[17-03-2019 04:41:16] BlockCypher\Core\BlockCypherHttpConnection: INFO	: Response Status 	: 200
[17-03-2019 04:41:16] BlockCypher\Core\BlockCypherHttpConnection: DEBUG	: Response Headers	: HTTP/1.1 200 OK, Server: nginx/1.10.3 (Ubuntu), Date: Sun, 17 Mar 2019 16:41:16 GMT, Content-Type: application/json, Content-Length: 232, Connection: keep-alive, Access-Control-Allow-Headers: Origin, X-Requested-With, Content-Type, Accept, Access-Control-Allow-Methods: GET, POST, PUT, DELETE, Access-Control-Allow-Origin: *, X-Ratelimit-Remaining: 93, , 
[17-03-2019 04:41:16] BlockCypher\Core\BlockCypherHttpConnection: DEBUG	: Response Data 	: {
  "address": "mqh49RvTAiJ61SorTZVtANfRA4B4viRH8B",
  "total_received": 0,
  "total_sent": 0,
  "balance": 0,
  "unconfirmed_balance": 12935642,
  "final_balance": 12935642,
  "n_tx": 0,
  "unconfirmed_n_tx": 1,
  "final_n_tx": 1
}

================================================================================================================================

[17-03-2019 04:42:00] BlockCypher\Core\BlockCypherHttpConnection: INFO	: GET https://api.blockcypher.com/v1/btc/test3/addrs/mqh49RvTAiJ61SorTZVtANfRA4B4viRH8B/balance?token=
[17-03-2019 04:42:01] BlockCypher\Core\BlockCypherHttpConnection: DEBUG	: Request Headers 	: GET /v1/btc/test3/addrs/mqh49RvTAiJ61SorTZVtANfRA4B4viRH8B/balance?token= HTTP/1.1, Host: api.blockcypher.com, Accept: */*, Content-Type: application/json, User-Agent: BlockCypherSDK/BlockCypher-PHP-SDK 1.5.0 (lang=PHP;v=7.2.16-1+ubuntu18.04.1+deb.sury.org+1;bit=64;os=Linux_4.15.0-1034-aws;machine=x86_64;openssl=1.1.1b;curl=7.58.0), , 
[17-03-2019 04:42:01] BlockCypher\Core\BlockCypherHttpConnection: DEBUG	: No Request Payload
--------------------------------------------------------------------------------------------------------------------------------

[17-03-2019 04:42:01] BlockCypher\Core\BlockCypherHttpConnection: INFO	: Response Status 	: 200
[17-03-2019 04:42:01] BlockCypher\Core\BlockCypherHttpConnection: DEBUG	: Response Headers	: HTTP/1.1 200 OK, Server: nginx/1.10.3 (Ubuntu), Date: Sun, 17 Mar 2019 16:42:01 GMT, Content-Type: application/json, Content-Length: 232, Connection: keep-alive, Access-Control-Allow-Headers: Origin, X-Requested-With, Content-Type, Accept, Access-Control-Allow-Methods: GET, POST, PUT, DELETE, Access-Control-Allow-Origin: *, X-Ratelimit-Remaining: 96, , 
[17-03-2019 04:42:01] BlockCypher\Core\BlockCypherHttpConnection: DEBUG	: Response Data 	: {
  "address": "mqh49RvTAiJ61SorTZVtANfRA4B4viRH8B",
  "total_received": 0,
  "total_sent": 0,
  "balance": 0,
  "unconfirmed_balance": 12935642,
  "final_balance": 12935642,
  "n_tx": 0,
  "unconfirmed_n_tx": 1,
  "final_n_tx": 1
}

================================================================================================================================

[17-03-2019 04:43:39] BlockCypher\Core\BlockCypherHttpConnection: INFO	: GET https://api.blockcypher.com/v1/btc/test3/addrs/mqh49RvTAiJ61SorTZVtANfRA4B4viRH8B/balance?token=
[17-03-2019 04:43:39] BlockCypher\Core\BlockCypherHttpConnection: DEBUG	: Request Headers 	: GET /v1/btc/test3/addrs/mqh49RvTAiJ61SorTZVtANfRA4B4viRH8B/balance?token= HTTP/1.1, Host: api.blockcypher.com, Accept: */*, Content-Type: application/json, User-Agent: BlockCypherSDK/BlockCypher-PHP-SDK 1.5.0 (lang=PHP;v=7.2.16-1+ubuntu18.04.1+deb.sury.org+1;bit=64;os=Linux_4.15.0-1034-aws;machine=x86_64;openssl=1.1.1b;curl=7.58.0), , 
[17-03-2019 04:43:39] BlockCypher\Core\BlockCypherHttpConnection: DEBUG	: No Request Payload
--------------------------------------------------------------------------------------------------------------------------------

[17-03-2019 04:43:39] BlockCypher\Core\BlockCypherHttpConnection: INFO	: Response Status 	: 200
[17-03-2019 04:43:39] BlockCypher\Core\BlockCypherHttpConnection: DEBUG	: Response Headers	: HTTP/1.1 200 OK, Server: nginx/1.10.3 (Ubuntu), Date: Sun, 17 Mar 2019 16:43:39 GMT, Content-Type: application/json, Content-Length: 232, Connection: keep-alive, Access-Control-Allow-Headers: Origin, X-Requested-With, Content-Type, Accept, Access-Control-Allow-Methods: GET, POST, PUT, DELETE, Access-Control-Allow-Origin: *, X-Ratelimit-Remaining: 92, , 
[17-03-2019 04:43:39] BlockCypher\Core\BlockCypherHttpConnection: DEBUG	: Response Data 	: {
  "address": "mqh49RvTAiJ61SorTZVtANfRA4B4viRH8B",
  "total_received": 0,
  "total_sent": 0,
  "balance": 0,
  "unconfirmed_balance": 12935642,
  "final_balance": 12935642,
  "n_tx": 0,
  "unconfirmed_n_tx": 1,
  "final_n_tx": 1
}

================================================================================================================================

[17-03-2019 04:43:43] BlockCypher\Core\BlockCypherHttpConnection: INFO	: GET https://api.blockcypher.com/v1/btc/test3/addrs/mqh49RvTAiJ61SorTZVtANfRA4B4viRH8B/balance?token=
[17-03-2019 04:43:44] BlockCypher\Core\BlockCypherHttpConnection: DEBUG	: Request Headers 	: GET /v1/btc/test3/addrs/mqh49RvTAiJ61SorTZVtANfRA4B4viRH8B/balance?token= HTTP/1.1, Host: api.blockcypher.com, Accept: */*, Content-Type: application/json, User-Agent: BlockCypherSDK/BlockCypher-PHP-SDK 1.5.0 (lang=PHP;v=7.2.16-1+ubuntu18.04.1+deb.sury.org+1;bit=64;os=Linux_4.15.0-1034-aws;machine=x86_64;openssl=1.1.1b;curl=7.58.0), , 
[17-03-2019 04:43:44] BlockCypher\Core\BlockCypherHttpConnection: DEBUG	: No Request Payload
--------------------------------------------------------------------------------------------------------------------------------

[17-03-2019 04:43:44] BlockCypher\Core\BlockCypherHttpConnection: INFO	: Response Status 	: 200
[17-03-2019 04:43:44] BlockCypher\Core\BlockCypherHttpConnection: DEBUG	: Response Headers	: HTTP/1.1 200 OK, Server: nginx/1.10.3 (Ubuntu), Date: Sun, 17 Mar 2019 16:43:43 GMT, Content-Type: application/json, Content-Length: 232, Connection: keep-alive, Access-Control-Allow-Headers: Origin, X-Requested-With, Content-Type, Accept, Access-Control-Allow-Methods: GET, POST, PUT, DELETE, Access-Control-Allow-Origin: *, X-Ratelimit-Remaining: 91, , 
[17-03-2019 04:43:44] BlockCypher\Core\BlockCypherHttpConnection: DEBUG	: Response Data 	: {
  "address": "mqh49RvTAiJ61SorTZVtANfRA4B4viRH8B",
  "total_received": 0,
  "total_sent": 0,
  "balance": 0,
  "unconfirmed_balance": 12935642,
  "final_balance": 12935642,
  "n_tx": 0,
  "unconfirmed_n_tx": 1,
  "final_n_tx": 1
}

================================================================================================================================

[17-03-2019 04:47:18] BlockCypher\Core\BlockCypherHttpConnection: INFO	: GET https://api.blockcypher.com/v1/btc/test3/addrs/mqh49RvTAiJ61SorTZVtANfRA4B4viRH8B/balance?token=
[17-03-2019 04:47:18] BlockCypher\Core\BlockCypherHttpConnection: DEBUG	: Request Headers 	: GET /v1/btc/test3/addrs/mqh49RvTAiJ61SorTZVtANfRA4B4viRH8B/balance?token= HTTP/1.1, Host: api.blockcypher.com, Accept: */*, Content-Type: application/json, User-Agent: BlockCypherSDK/BlockCypher-PHP-SDK 1.5.0 (lang=PHP;v=7.2.16-1+ubuntu18.04.1+deb.sury.org+1;bit=64;os=Linux_4.15.0-1034-aws;machine=x86_64;openssl=1.1.1b;curl=7.58.0), , 
[17-03-2019 04:47:18] BlockCypher\Core\BlockCypherHttpConnection: DEBUG	: No Request Payload
--------------------------------------------------------------------------------------------------------------------------------

[17-03-2019 04:47:18] BlockCypher\Core\BlockCypherHttpConnection: INFO	: Response Status 	: 200
[17-03-2019 04:47:18] BlockCypher\Core\BlockCypherHttpConnection: DEBUG	: Response Headers	: HTTP/1.1 200 OK, Server: nginx/1.10.3 (Ubuntu), Date: Sun, 17 Mar 2019 16:47:18 GMT, Content-Type: application/json, Content-Length: 239, Connection: keep-alive, Access-Control-Allow-Headers: Origin, X-Requested-With, Content-Type, Accept, Access-Control-Allow-Methods: GET, POST, PUT, DELETE, Access-Control-Allow-Origin: *, X-Ratelimit-Remaining: 88, , 
[17-03-2019 04:47:18] BlockCypher\Core\BlockCypherHttpConnection: DEBUG	: Response Data 	: {
  "address": "mqh49RvTAiJ61SorTZVtANfRA4B4viRH8B",
  "total_received": 12935642,
  "total_sent": 0,
  "balance": 12935642,
  "unconfirmed_balance": 0,
  "final_balance": 12935642,
  "n_tx": 1,
  "unconfirmed_n_tx": 0,
  "final_n_tx": 1
}

================================================================================================================================

[17-03-2019 04:47:24] BlockCypher\Core\BlockCypherHttpConnection: INFO	: GET https://api.blockcypher.com/v1/btc/test3/addrs/mqh49RvTAiJ61SorTZVtANfRA4B4viRH8B/balance?token=
[17-03-2019 04:47:24] BlockCypher\Core\BlockCypherHttpConnection: DEBUG	: Request Headers 	: GET /v1/btc/test3/addrs/mqh49RvTAiJ61SorTZVtANfRA4B4viRH8B/balance?token= HTTP/1.1, Host: api.blockcypher.com, Accept: */*, Content-Type: application/json, User-Agent: BlockCypherSDK/BlockCypher-PHP-SDK 1.5.0 (lang=PHP;v=7.2.16-1+ubuntu18.04.1+deb.sury.org+1;bit=64;os=Linux_4.15.0-1034-aws;machine=x86_64;openssl=1.1.1b;curl=7.58.0), , 
[17-03-2019 04:47:24] BlockCypher\Core\BlockCypherHttpConnection: DEBUG	: No Request Payload
--------------------------------------------------------------------------------------------------------------------------------

[17-03-2019 04:47:24] BlockCypher\Core\BlockCypherHttpConnection: INFO	: Response Status 	: 200
[17-03-2019 04:47:24] BlockCypher\Core\BlockCypherHttpConnection: DEBUG	: Response Headers	: HTTP/1.1 200 OK, Server: nginx/1.10.3 (Ubuntu), Date: Sun, 17 Mar 2019 16:47:24 GMT, Content-Type: application/json, Content-Length: 239, Connection: keep-alive, Access-Control-Allow-Headers: Origin, X-Requested-With, Content-Type, Accept, Access-Control-Allow-Methods: GET, POST, PUT, DELETE, Access-Control-Allow-Origin: *, X-Ratelimit-Remaining: 94, , 
[17-03-2019 04:47:24] BlockCypher\Core\BlockCypherHttpConnection: DEBUG	: Response Data 	: {
  "address": "mqh49RvTAiJ61SorTZVtANfRA4B4viRH8B",
  "total_received": 12935642,
  "total_sent": 0,
  "balance": 12935642,
  "unconfirmed_balance": 0,
  "final_balance": 12935642,
  "n_tx": 1,
  "unconfirmed_n_tx": 0,
  "final_n_tx": 1
}

================================================================================================================================

[17-03-2019 04:50:43] BlockCypher\Core\BlockCypherHttpConnection: INFO	: GET https://api.blockcypher.com/v1/btc/test3/addrs/mqh49RvTAiJ61SorTZVtANfRA4B4viRH8B/balance?token=
[17-03-2019 04:50:44] BlockCypher\Core\BlockCypherHttpConnection: DEBUG	: Request Headers 	: GET /v1/btc/test3/addrs/mqh49RvTAiJ61SorTZVtANfRA4B4viRH8B/balance?token= HTTP/1.1, Host: api.blockcypher.com, Accept: */*, Content-Type: application/json, User-Agent: BlockCypherSDK/BlockCypher-PHP-SDK 1.5.0 (lang=PHP;v=7.2.16-1+ubuntu18.04.1+deb.sury.org+1;bit=64;os=Linux_4.15.0-1034-aws;machine=x86_64;openssl=1.1.1b;curl=7.58.0), , 
[17-03-2019 04:50:44] BlockCypher\Core\BlockCypherHttpConnection: DEBUG	: No Request Payload
--------------------------------------------------------------------------------------------------------------------------------

[17-03-2019 04:50:44] BlockCypher\Core\BlockCypherHttpConnection: INFO	: Response Status 	: 200
[17-03-2019 04:50:44] BlockCypher\Core\BlockCypherHttpConnection: DEBUG	: Response Headers	: HTTP/1.1 200 OK, Server: nginx/1.10.3 (Ubuntu), Date: Sun, 17 Mar 2019 16:50:43 GMT, Content-Type: application/json, Content-Length: 239, Connection: keep-alive, Access-Control-Allow-Headers: Origin, X-Requested-With, Content-Type, Accept, Access-Control-Allow-Methods: GET, POST, PUT, DELETE, Access-Control-Allow-Origin: *, X-Ratelimit-Remaining: 89, , 
[17-03-2019 04:50:44] BlockCypher\Core\BlockCypherHttpConnection: DEBUG	: Response Data 	: {
  "address": "mqh49RvTAiJ61SorTZVtANfRA4B4viRH8B",
  "total_received": 12935642,
  "total_sent": 0,
  "balance": 12935642,
  "unconfirmed_balance": 0,
  "final_balance": 12935642,
  "n_tx": 1,
  "unconfirmed_n_tx": 0,
  "final_n_tx": 1
}

================================================================================================================================

[17-03-2019 04:56:44] BlockCypher\Core\BlockCypherHttpConnection: INFO	: GET https://api.blockcypher.com/v1/btc/test3/addrs/mqh49RvTAiJ61SorTZVtANfRA4B4viRH8B/balance?token=
[17-03-2019 04:56:44] BlockCypher\Core\BlockCypherHttpConnection: DEBUG	: Request Headers 	: GET /v1/btc/test3/addrs/mqh49RvTAiJ61SorTZVtANfRA4B4viRH8B/balance?token= HTTP/1.1, Host: api.blockcypher.com, Accept: */*, Content-Type: application/json, User-Agent: BlockCypherSDK/BlockCypher-PHP-SDK 1.5.0 (lang=PHP;v=7.2.16-1+ubuntu18.04.1+deb.sury.org+1;bit=64;os=Linux_4.15.0-1034-aws;machine=x86_64;openssl=1.1.1b;curl=7.58.0), , 
[17-03-2019 04:56:44] BlockCypher\Core\BlockCypherHttpConnection: DEBUG	: No Request Payload
--------------------------------------------------------------------------------------------------------------------------------

[17-03-2019 04:56:44] BlockCypher\Core\BlockCypherHttpConnection: INFO	: Response Status 	: 200
[17-03-2019 04:56:44] BlockCypher\Core\BlockCypherHttpConnection: DEBUG	: Response Headers	: HTTP/1.1 200 OK, Server: nginx/1.10.3 (Ubuntu), Date: Sun, 17 Mar 2019 16:56:44 GMT, Content-Type: application/json, Content-Length: 239, Connection: keep-alive, Access-Control-Allow-Headers: Origin, X-Requested-With, Content-Type, Accept, Access-Control-Allow-Methods: GET, POST, PUT, DELETE, Access-Control-Allow-Origin: *, X-Ratelimit-Remaining: 90, , 
[17-03-2019 04:56:44] BlockCypher\Core\BlockCypherHttpConnection: DEBUG	: Response Data 	: {
  "address": "mqh49RvTAiJ61SorTZVtANfRA4B4viRH8B",
  "total_received": 12935642,
  "total_sent": 0,
  "balance": 12935642,
  "unconfirmed_balance": 0,
  "final_balance": 12935642,
  "n_tx": 1,
  "unconfirmed_n_tx": 0,
  "final_n_tx": 1
}

================================================================================================================================

[17-03-2019 05:12:39] BlockCypher\Core\BlockCypherHttpConnection: INFO	: GET https://api.blockcypher.com/v1/btc/test3/addrs/mqh49RvTAiJ61SorTZVtANfRA4B4viRH8B/balance?token=
[17-03-2019 05:12:39] BlockCypher\Core\BlockCypherHttpConnection: DEBUG	: Request Headers 	: GET /v1/btc/test3/addrs/mqh49RvTAiJ61SorTZVtANfRA4B4viRH8B/balance?token= HTTP/1.1, Host: api.blockcypher.com, Accept: */*, Content-Type: application/json, User-Agent: BlockCypherSDK/BlockCypher-PHP-SDK 1.5.0 (lang=PHP;v=7.2.16-1+ubuntu18.04.1+deb.sury.org+1;bit=64;os=Linux_4.15.0-1034-aws;machine=x86_64;openssl=1.1.1b;curl=7.58.0), , 
[17-03-2019 05:12:39] BlockCypher\Core\BlockCypherHttpConnection: DEBUG	: No Request Payload
--------------------------------------------------------------------------------------------------------------------------------

[17-03-2019 05:12:39] BlockCypher\Core\BlockCypherHttpConnection: INFO	: Response Status 	: 200
[17-03-2019 05:12:39] BlockCypher\Core\BlockCypherHttpConnection: DEBUG	: Response Headers	: HTTP/1.1 200 OK, Server: nginx/1.10.3 (Ubuntu), Date: Sun, 17 Mar 2019 17:12:39 GMT, Content-Type: application/json, Content-Length: 239, Connection: keep-alive, Access-Control-Allow-Headers: Origin, X-Requested-With, Content-Type, Accept, Access-Control-Allow-Methods: GET, POST, PUT, DELETE, Access-Control-Allow-Origin: *, X-Ratelimit-Remaining: 99, , 
[17-03-2019 05:12:39] BlockCypher\Core\BlockCypherHttpConnection: DEBUG	: Response Data 	: {
  "address": "mqh49RvTAiJ61SorTZVtANfRA4B4viRH8B",
  "total_received": 12935642,
  "total_sent": 0,
  "balance": 12935642,
  "unconfirmed_balance": 0,
  "final_balance": 12935642,
  "n_tx": 1,
  "unconfirmed_n_tx": 0,
  "final_n_tx": 1
}

================================================================================================================================

